<?xml version="1.0" encoding="UTF-8"?>
<!-- Generated by org.testng.reporters.JUnitReportReporter -->
<testsuite hostname="MALU" failures="0" tests="1" name="Testpkg.Registrationtest" time="6.093" errors="0" timestamp="2025-02-24T11:31:36 IST" skipped="0">
  <testcase classname="Testpkg.Registrationtest" name="test" time="6.093"/>
</testsuite> <!-- Testpkg.Registrationtest -->
